<?xml version="1.0" encoding="UTF-8"?>
<testng-results ignored="0" total="23" passed="22" failed="1" skipped="0">
  <reporter-output>
  </reporter-output>
  <suite started-at="2023-08-29T02:19:12 UTC" name="Page Object test example" finished-at="2023-08-29T02:22:15 UTC" duration-ms="183056">
    <groups>
    </groups>
    <test started-at="2023-08-29T02:19:12 UTC" name="test-1" finished-at="2023-08-29T02:22:15 UTC" duration-ms="183056">
      <class name="com.spree.test.LoginTest">
        <test-method signature="loginFullTest()[pri:0, instance:com.spree.test.LoginTest@50378a4]" started-at="2023-08-29T02:19:56 UTC" name="loginFullTest" finished-at="2023-08-29T02:20:06 UTC" duration-ms="9742" status="PASS">
          <reporter-output>
          </reporter-output>
        </test-method> <!-- loginFullTest -->
      </class> <!-- com.spree.test.LoginTest -->
      <class name="com.spree.test.CheckOutTest">
        <test-method signature="checkOutFullTest()[pri:0, instance:com.spree.test.CheckOutTest@5fb759d6]" started-at="2023-08-29T02:19:28 UTC" name="checkOutFullTest" finished-at="2023-08-29T02:19:48 UTC" duration-ms="20029" status="PASS">
          <reporter-output>
          </reporter-output>
        </test-method> <!-- checkOutFullTest -->
      </class> <!-- com.spree.test.CheckOutTest -->
      <class name="com.spree.test.Spreecom_WomenPage_Test">
        <test-method is-config="true" signature="initializeTestBaseSetup(java.lang.String,java.lang.String)[pri:0, instance:com.spree.test.Spreecom_WomenPage_Test@1e4f4a5c]" started-at="2023-08-29T02:21:40 UTC" name="initializeTestBaseSetup" finished-at="2023-08-29T02:21:48 UTC" duration-ms="8100" status="PASS">
          <params>
            <param index="0">
              <value>
                <![CDATA[edge]]>
              </value>
            </param>
            <param index="1">
              <value>
                <![CDATA[https://demo.spreecommerce.org/]]>
              </value>
            </param>
          </params>
          <reporter-output>
          </reporter-output>
        </test-method> <!-- initializeTestBaseSetup -->
        <test-method is-config="true" signature="setUp()[pri:0, instance:com.spree.test.Spreecom_WomenPage_Test@1e4f4a5c]" started-at="2023-08-29T02:21:48 UTC" name="setUp" finished-at="2023-08-29T02:21:48 UTC" duration-ms="0" status="PASS">
          <reporter-output>
          </reporter-output>
        </test-method> <!-- setUp -->
        <test-method signature="validateWomenPage()[pri:1, instance:com.spree.test.Spreecom_WomenPage_Test@1e4f4a5c]" started-at="2023-08-29T02:21:48 UTC" name="validateWomenPage" finished-at="2023-08-29T02:21:50 UTC" duration-ms="2082" status="PASS">
          <reporter-output>
          </reporter-output>
        </test-method> <!-- validateWomenPage -->
        <test-method is-config="true" signature="tearDown(org.testng.ITestResult)[pri:0, instance:com.spree.test.Spreecom_WomenPage_Test@1e4f4a5c]" started-at="2023-08-29T02:21:50 UTC" name="tearDown" finished-at="2023-08-29T02:21:50 UTC" duration-ms="0" status="PASS">
          <params>
            <param index="0">
              <value>
                <![CDATA[[TestResult name=validateWomenPage status=SUCCESS method=Spreecom_WomenPage_Test.validateWomenPage()[pri:1, instance:com.spree.test.Spreecom_WomenPage_Test@1e4f4a5c] output={null}]]]>
              </value>
            </param>
          </params>
          <reporter-output>
          </reporter-output>
        </test-method> <!-- tearDown -->
        <test-method signature="validateTitle()[pri:2, instance:com.spree.test.Spreecom_WomenPage_Test@1e4f4a5c]" started-at="2023-08-29T02:21:50 UTC" name="validateTitle" finished-at="2023-08-29T02:21:50 UTC" duration-ms="5" status="PASS">
          <reporter-output>
          </reporter-output>
        </test-method> <!-- validateTitle -->
        <test-method signature="validateText()[pri:3, instance:com.spree.test.Spreecom_WomenPage_Test@1e4f4a5c]" started-at="2023-08-29T02:21:50 UTC" name="validateText" finished-at="2023-08-29T02:21:50 UTC" duration-ms="127" status="PASS">
          <reporter-output>
          </reporter-output>
        </test-method> <!-- validateText -->
        <test-method is-config="true" signature="tearDown(org.testng.ITestResult)[pri:0, instance:com.spree.test.Spreecom_WomenPage_Test@1e4f4a5c]" started-at="2023-08-29T02:21:50 UTC" name="tearDown" finished-at="2023-08-29T02:21:50 UTC" duration-ms="0" status="PASS">
          <params>
            <param index="0">
              <value>
                <![CDATA[[TestResult name=validateTitle status=SUCCESS method=Spreecom_WomenPage_Test.validateTitle()[pri:2, instance:com.spree.test.Spreecom_WomenPage_Test@1e4f4a5c] output={null}]]]>
              </value>
            </param>
          </params>
          <reporter-output>
          </reporter-output>
        </test-method> <!-- tearDown -->
        <test-method is-config="true" signature="tearDown(org.testng.ITestResult)[pri:0, instance:com.spree.test.Spreecom_WomenPage_Test@1e4f4a5c]" started-at="2023-08-29T02:21:50 UTC" name="tearDown" finished-at="2023-08-29T02:21:50 UTC" duration-ms="0" status="PASS">
          <params>
            <param index="0">
              <value>
                <![CDATA[[TestResult name=validateText status=SUCCESS method=Spreecom_WomenPage_Test.validateText()[pri:3, instance:com.spree.test.Spreecom_WomenPage_Test@1e4f4a5c] output={null}]]]>
              </value>
            </param>
          </params>
          <reporter-output>
          </reporter-output>
        </test-method> <!-- tearDown -->
        <test-method is-config="true" signature="tearDown()[pri:0, instance:com.spree.test.Spreecom_WomenPage_Test@1e4f4a5c]" started-at="2023-08-29T02:21:50 UTC" name="tearDown" finished-at="2023-08-29T02:21:51 UTC" duration-ms="1348" status="PASS">
          <reporter-output>
          </reporter-output>
        </test-method> <!-- tearDown -->
      </class> <!-- com.spree.test.Spreecom_WomenPage_Test -->
      <class name="com.spree.test.Spreecom_SportswearPage_Test">
        <test-method is-config="true" signature="initializeTestBaseSetup(java.lang.String,java.lang.String)[pri:0, instance:com.spree.test.Spreecom_SportswearPage_Test@465232e9]" started-at="2023-08-29T02:22:03 UTC" name="initializeTestBaseSetup" finished-at="2023-08-29T02:22:11 UTC" duration-ms="8138" status="PASS">
          <params>
            <param index="0">
              <value>
                <![CDATA[edge]]>
              </value>
            </param>
            <param index="1">
              <value>
                <![CDATA[https://demo.spreecommerce.org/]]>
              </value>
            </param>
          </params>
          <reporter-output>
          </reporter-output>
        </test-method> <!-- initializeTestBaseSetup -->
        <test-method is-config="true" signature="setUp()[pri:0, instance:com.spree.test.Spreecom_SportswearPage_Test@465232e9]" started-at="2023-08-29T02:22:11 UTC" name="setUp" finished-at="2023-08-29T02:22:11 UTC" duration-ms="0" status="PASS">
          <reporter-output>
          </reporter-output>
        </test-method> <!-- setUp -->
        <test-method signature="validateSportswearPage()[pri:1, instance:com.spree.test.Spreecom_SportswearPage_Test@465232e9]" started-at="2023-08-29T02:22:11 UTC" name="validateSportswearPage" finished-at="2023-08-29T02:22:13 UTC" duration-ms="2082" status="PASS">
          <reporter-output>
          </reporter-output>
        </test-method> <!-- validateSportswearPage -->
        <test-method is-config="true" signature="tearDown(org.testng.ITestResult)[pri:0, instance:com.spree.test.Spreecom_SportswearPage_Test@465232e9]" started-at="2023-08-29T02:22:13 UTC" name="tearDown" finished-at="2023-08-29T02:22:13 UTC" duration-ms="1" status="PASS">
          <params>
            <param index="0">
              <value>
                <![CDATA[[TestResult name=validateSportswearPage status=SUCCESS method=Spreecom_SportswearPage_Test.validateSportswearPage()[pri:1, instance:com.spree.test.Spreecom_SportswearPage_Test@465232e9] output={null}]]]>
              </value>
            </param>
          </params>
          <reporter-output>
          </reporter-output>
        </test-method> <!-- tearDown -->
        <test-method signature="validateTitle()[pri:2, instance:com.spree.test.Spreecom_SportswearPage_Test@465232e9]" started-at="2023-08-29T02:22:13 UTC" name="validateTitle" finished-at="2023-08-29T02:22:13 UTC" duration-ms="4" status="PASS">
          <reporter-output>
          </reporter-output>
        </test-method> <!-- validateTitle -->
        <test-method is-config="true" signature="tearDown(org.testng.ITestResult)[pri:0, instance:com.spree.test.Spreecom_SportswearPage_Test@465232e9]" started-at="2023-08-29T02:22:13 UTC" name="tearDown" finished-at="2023-08-29T02:22:13 UTC" duration-ms="1" status="PASS">
          <params>
            <param index="0">
              <value>
                <![CDATA[[TestResult name=validateTitle status=SUCCESS method=Spreecom_SportswearPage_Test.validateTitle()[pri:2, instance:com.spree.test.Spreecom_SportswearPage_Test@465232e9] output={null}]]]>
              </value>
            </param>
          </params>
          <reporter-output>
          </reporter-output>
        </test-method> <!-- tearDown -->
        <test-method signature="validateText()[pri:3, instance:com.spree.test.Spreecom_SportswearPage_Test@465232e9]" started-at="2023-08-29T02:22:13 UTC" name="validateText" finished-at="2023-08-29T02:22:14 UTC" duration-ms="80" status="PASS">
          <reporter-output>
          </reporter-output>
        </test-method> <!-- validateText -->
        <test-method is-config="true" signature="tearDown()[pri:0, instance:com.spree.test.Spreecom_SportswearPage_Test@465232e9]" started-at="2023-08-29T02:22:14 UTC" name="tearDown" finished-at="2023-08-29T02:22:15 UTC" duration-ms="1343" status="PASS">
          <reporter-output>
          </reporter-output>
        </test-method> <!-- tearDown -->
        <test-method is-config="true" signature="tearDown(org.testng.ITestResult)[pri:0, instance:com.spree.test.Spreecom_SportswearPage_Test@465232e9]" started-at="2023-08-29T02:22:14 UTC" name="tearDown" finished-at="2023-08-29T02:22:14 UTC" duration-ms="0" status="PASS">
          <params>
            <param index="0">
              <value>
                <![CDATA[[TestResult name=validateText status=SUCCESS method=Spreecom_SportswearPage_Test.validateText()[pri:3, instance:com.spree.test.Spreecom_SportswearPage_Test@465232e9] output={null}]]]>
              </value>
            </param>
          </params>
          <reporter-output>
          </reporter-output>
        </test-method> <!-- tearDown -->
      </class> <!-- com.spree.test.Spreecom_SportswearPage_Test -->
      <class name="com.spree.test.AddAddressTest">
        <test-method is-config="true" signature="initializeTestBaseSetup(java.lang.String,java.lang.String)[pri:0, instance:com.spree.test.AddAddressTest@1b66c0fb]" started-at="2023-08-29T02:20:27 UTC" name="initializeTestBaseSetup" finished-at="2023-08-29T02:20:35 UTC" duration-ms="8182" status="PASS">
          <params>
            <param index="0">
              <value>
                <![CDATA[edge]]>
              </value>
            </param>
            <param index="1">
              <value>
                <![CDATA[https://demo.spreecommerce.org/]]>
              </value>
            </param>
          </params>
          <reporter-output>
          </reporter-output>
        </test-method> <!-- initializeTestBaseSetup -->
        <test-method is-config="true" signature="setUp()[pri:0, instance:com.spree.test.AddAddressTest@1b66c0fb]" started-at="2023-08-29T02:20:35 UTC" name="setUp" finished-at="2023-08-29T02:20:38 UTC" duration-ms="3009" status="PASS">
          <reporter-output>
          </reporter-output>
        </test-method> <!-- setUp -->
        <test-method signature="validateMyAccountURL()[pri:1, instance:com.spree.test.AddAddressTest@1b66c0fb]" started-at="2023-08-29T02:20:38 UTC" name="validateMyAccountURL" finished-at="2023-08-29T02:20:40 UTC" duration-ms="2021" status="PASS">
          <reporter-output>
          </reporter-output>
        </test-method> <!-- validateMyAccountURL -->
        <test-method is-config="true" signature="tearDown(org.testng.ITestResult)[pri:0, instance:com.spree.test.AddAddressTest@1b66c0fb]" started-at="2023-08-29T02:20:40 UTC" name="tearDown" finished-at="2023-08-29T02:20:40 UTC" duration-ms="1" status="PASS">
          <params>
            <param index="0">
              <value>
                <![CDATA[[TestResult name=validateMyAccountURL status=SUCCESS method=AddAddressTest.validateMyAccountURL()[pri:1, instance:com.spree.test.AddAddressTest@1b66c0fb] output={null}]]]>
              </value>
            </param>
          </params>
          <reporter-output>
          </reporter-output>
        </test-method> <!-- tearDown -->
        <test-method signature="validateMyAccountText()[pri:2, instance:com.spree.test.AddAddressTest@1b66c0fb]" started-at="2023-08-29T02:20:40 UTC" name="validateMyAccountText" finished-at="2023-08-29T02:20:42 UTC" duration-ms="2032" status="PASS">
          <reporter-output>
          </reporter-output>
        </test-method> <!-- validateMyAccountText -->
        <test-method signature="addAddress()[pri:3, instance:com.spree.test.AddAddressTest@1b66c0fb]" started-at="2023-08-29T02:20:42 UTC" name="addAddress" finished-at="2023-08-29T02:20:48 UTC" duration-ms="5566" status="PASS">
          <reporter-output>
          </reporter-output>
        </test-method> <!-- addAddress -->
        <test-method is-config="true" signature="tearDown(org.testng.ITestResult)[pri:0, instance:com.spree.test.AddAddressTest@1b66c0fb]" started-at="2023-08-29T02:20:42 UTC" name="tearDown" finished-at="2023-08-29T02:20:42 UTC" duration-ms="0" status="PASS">
          <params>
            <param index="0">
              <value>
                <![CDATA[[TestResult name=validateMyAccountText status=SUCCESS method=AddAddressTest.validateMyAccountText()[pri:2, instance:com.spree.test.AddAddressTest@1b66c0fb] output={null}]]]>
              </value>
            </param>
          </params>
          <reporter-output>
          </reporter-output>
        </test-method> <!-- tearDown -->
        <test-method is-config="true" signature="tearDown(org.testng.ITestResult)[pri:0, instance:com.spree.test.AddAddressTest@1b66c0fb]" started-at="2023-08-29T02:20:48 UTC" name="tearDown" finished-at="2023-08-29T02:20:48 UTC" duration-ms="1" status="PASS">
          <params>
            <param index="0">
              <value>
                <![CDATA[[TestResult name=addAddress status=SUCCESS method=AddAddressTest.addAddress()[pri:3, instance:com.spree.test.AddAddressTest@1b66c0fb] output={null}]]]>
              </value>
            </param>
          </params>
          <reporter-output>
          </reporter-output>
        </test-method> <!-- tearDown -->
        <test-method is-config="true" signature="logout()[pri:0, instance:com.spree.test.AddAddressTest@1b66c0fb]" started-at="2023-08-29T02:20:48 UTC" name="logout" finished-at="2023-08-29T02:20:49 UTC" duration-ms="1065" status="PASS">
          <reporter-output>
          </reporter-output>
        </test-method> <!-- logout -->
        <test-method is-config="true" signature="tearDown()[pri:0, instance:com.spree.test.AddAddressTest@1b66c0fb]" started-at="2023-08-29T02:20:49 UTC" name="tearDown" finished-at="2023-08-29T02:20:50 UTC" duration-ms="1338" status="PASS">
          <reporter-output>
          </reporter-output>
        </test-method> <!-- tearDown -->
      </class> <!-- com.spree.test.AddAddressTest -->
      <class name="com.spree.test.ShoppingCartTest">
        <test-method is-config="true" signature="precond()[pri:0, instance:com.spree.test.ShoppingCartTest@508dec2b]" started-at="2023-08-29T02:19:21 UTC" name="precond" finished-at="2023-08-29T02:19:28 UTC" duration-ms="7166" status="PASS">
          <reporter-output>
          </reporter-output>
        </test-method> <!-- precond -->
        <test-method signature="func()[pri:0, instance:com.spree.test.ShoppingCartTest@508dec2b]" started-at="2023-08-29T02:21:39 UTC" name="func" finished-at="2023-08-29T02:21:40 UTC" duration-ms="96" status="FAIL">
          <exception class="org.openqa.selenium.NoSuchElementException">
            <message>
              <![CDATA[no such element: Unable to locate element: {"method":"xpath","selector":"//div[contains(@class, 'shopping-cart-total-amount col align-self-end')]"}
  (Session info: chrome=116.0.5845.111)
For documentation on this error, please visit: https://www.selenium.dev/documentation/webdriver/troubleshooting/errors#no-such-element-exception
Build info: version: '4.11.0', revision: '040bc5406b'
System info: os.name: 'Windows Server 2019', os.arch: 'amd64', os.version: '10.0', java.version: '17.0.5'
Driver info: org.openqa.selenium.chrome.ChromeDriver
Command: [fc518fc6a6867c5922dc1ce172bf1785, findElement {using=xpath, value=//div[contains(@class, 'shopping-cart-total-amount col align-self-end')]}]
Capabilities {acceptInsecureCerts: false, browserName: chrome, browserVersion: 116.0.5845.111, chrome: {chromedriverVersion: 116.0.5845.96 (1a3918166880..., userDataDir: C:\Users\10725328\AppData\L...}, fedcm:accounts: true, goog:chromeOptions: {debuggerAddress: localhost:53279}, networkConnectionEnabled: false, pageLoadStrategy: normal, platformName: windows, proxy: Proxy(), se:cdp: ws://localhost:53279/devtoo..., se:cdpVersion: 116.0.5845.111, setWindowRect: true, strictFileInteractability: false, timeouts: {implicit: 0, pageLoad: 300000, script: 30000}, unhandledPromptBehavior: dismiss and notify, webauthn:extension:credBlob: true, webauthn:extension:largeBlob: true, webauthn:extension:minPinLength: true, webauthn:extension:prf: true, webauthn:virtualAuthenticators: true}
Session ID: fc518fc6a6867c5922dc1ce172bf1785]]>
            </message>
            <full-stacktrace>
              <![CDATA[org.openqa.selenium.NoSuchElementException: no such element: Unable to locate element: {"method":"xpath","selector":"//div[contains(@class, 'shopping-cart-total-amount col align-self-end')]"}
  (Session info: chrome=116.0.5845.111)
For documentation on this error, please visit: https://www.selenium.dev/documentation/webdriver/troubleshooting/errors#no-such-element-exception
Build info: version: '4.11.0', revision: '040bc5406b'
System info: os.name: 'Windows Server 2019', os.arch: 'amd64', os.version: '10.0', java.version: '17.0.5'
Driver info: org.openqa.selenium.chrome.ChromeDriver
Command: [fc518fc6a6867c5922dc1ce172bf1785, findElement {using=xpath, value=//div[contains(@class, 'shopping-cart-total-amount col align-self-end')]}]
Capabilities {acceptInsecureCerts: false, browserName: chrome, browserVersion: 116.0.5845.111, chrome: {chromedriverVersion: 116.0.5845.96 (1a3918166880..., userDataDir: C:\Users\10725328\AppData\L...}, fedcm:accounts: true, goog:chromeOptions: {debuggerAddress: localhost:53279}, networkConnectionEnabled: false, pageLoadStrategy: normal, platformName: windows, proxy: Proxy(), se:cdp: ws://localhost:53279/devtoo..., se:cdpVersion: 116.0.5845.111, setWindowRect: true, strictFileInteractability: false, timeouts: {implicit: 0, pageLoad: 300000, script: 30000}, unhandledPromptBehavior: dismiss and notify, webauthn:extension:credBlob: true, webauthn:extension:largeBlob: true, webauthn:extension:minPinLength: true, webauthn:extension:prf: true, webauthn:virtualAuthenticators: true}
Session ID: fc518fc6a6867c5922dc1ce172bf1785
at java.base/jdk.internal.reflect.NativeConstructorAccessorImpl.newInstance0(Native Method)
at java.base/jdk.internal.reflect.NativeConstructorAccessorImpl.newInstance(NativeConstructorAccessorImpl.java:77)
at java.base/jdk.internal.reflect.DelegatingConstructorAccessorImpl.newInstance(DelegatingConstructorAccessorImpl.java:45)
at java.base/java.lang.reflect.Constructor.newInstanceWithCaller(Constructor.java:499)
at java.base/java.lang.reflect.Constructor.newInstance(Constructor.java:480)
at org.openqa.selenium.remote.codec.w3c.W3CHttpResponseCodec.createException(W3CHttpResponseCodec.java:200)
at org.openqa.selenium.remote.codec.w3c.W3CHttpResponseCodec.decode(W3CHttpResponseCodec.java:133)
at org.openqa.selenium.remote.codec.w3c.W3CHttpResponseCodec.decode(W3CHttpResponseCodec.java:52)
at org.openqa.selenium.remote.HttpCommandExecutor.execute(HttpCommandExecutor.java:191)
at org.openqa.selenium.remote.service.DriverCommandExecutor.invokeExecute(DriverCommandExecutor.java:196)
at org.openqa.selenium.remote.service.DriverCommandExecutor.execute(DriverCommandExecutor.java:171)
at org.openqa.selenium.remote.RemoteWebDriver.execute(RemoteWebDriver.java:518)
at org.openqa.selenium.remote.ElementLocation$ElementFinder$2.findElement(ElementLocation.java:165)
at org.openqa.selenium.remote.ElementLocation.findElement(ElementLocation.java:59)
at org.openqa.selenium.remote.RemoteWebDriver.findElement(RemoteWebDriver.java:355)
at org.openqa.selenium.remote.RemoteWebDriver.findElement(RemoteWebDriver.java:349)
at org.openqa.selenium.support.pagefactory.DefaultElementLocator.findElement(DefaultElementLocator.java:68)
at org.openqa.selenium.support.pagefactory.internal.LocatingElementHandler.invoke(LocatingElementHandler.java:38)
at jdk.proxy2/jdk.proxy2.$Proxy20.getText(Unknown Source)
at com.spree.home.ShoppingCart.costToDouble(ShoppingCart.java:118)
at com.spree.home.ShoppingCart.verifyCosts(ShoppingCart.java:127)
at com.spree.test.ShoppingCartTest.func(ShoppingCartTest.java:52)
at java.base/jdk.internal.reflect.NativeMethodAccessorImpl.invoke0(Native Method)
at java.base/jdk.internal.reflect.NativeMethodAccessorImpl.invoke(NativeMethodAccessorImpl.java:77)
at java.base/jdk.internal.reflect.DelegatingMethodAccessorImpl.invoke(DelegatingMethodAccessorImpl.java:43)
at java.base/java.lang.reflect.Method.invoke(Method.java:568)
at org.testng.internal.invokers.MethodInvocationHelper.invokeMethod(MethodInvocationHelper.java:139)
at org.testng.internal.invokers.TestInvoker.invokeMethod(TestInvoker.java:664)
at org.testng.internal.invokers.TestInvoker.invokeTestMethod(TestInvoker.java:227)
at org.testng.internal.invokers.MethodRunner.runInSequence(MethodRunner.java:50)
at org.testng.internal.invokers.TestInvoker$MethodInvocationAgent.invoke(TestInvoker.java:957)
at org.testng.internal.invokers.TestInvoker.invokeTestMethods(TestInvoker.java:200)
at org.testng.internal.invokers.TestMethodWorker.invokeTestMethods(TestMethodWorker.java:148)
at org.testng.internal.invokers.TestMethodWorker.run(TestMethodWorker.java:128)
at java.base/java.util.ArrayList.forEach(ArrayList.java:1511)
at org.testng.TestRunner.privateRun(TestRunner.java:848)
at org.testng.TestRunner.run(TestRunner.java:621)
at org.testng.SuiteRunner.runTest(SuiteRunner.java:443)
at org.testng.SuiteRunner.runSequentially(SuiteRunner.java:437)
at org.testng.SuiteRunner.privateRun(SuiteRunner.java:397)
at org.testng.SuiteRunner.run(SuiteRunner.java:336)
at org.testng.SuiteRunnerWorker.runSuite(SuiteRunnerWorker.java:52)
at org.testng.SuiteRunnerWorker.run(SuiteRunnerWorker.java:95)
at org.testng.TestNG.runSuitesSequentially(TestNG.java:1280)
at org.testng.TestNG.runSuitesLocally(TestNG.java:1200)
at org.testng.TestNG.runSuites(TestNG.java:1114)
at org.testng.TestNG.run(TestNG.java:1082)
at org.testng.remote.AbstractRemoteTestNG.run(AbstractRemoteTestNG.java:115)
at org.testng.remote.RemoteTestNG.initAndRun(RemoteTestNG.java:251)
at org.testng.remote.RemoteTestNG.main(RemoteTestNG.java:77)
]]>
            </full-stacktrace>
          </exception> <!-- org.openqa.selenium.NoSuchElementException -->
          <reporter-output>
          </reporter-output>
        </test-method> <!-- func -->
      </class> <!-- com.spree.test.ShoppingCartTest -->
      <class name="com.spree.test.Spreecom_MyAccount_Test">
        <test-method is-config="true" signature="SetUp()[pri:0, instance:com.spree.test.Spreecom_MyAccount_Test@38145825]" started-at="2023-08-29T02:19:12 UTC" name="SetUp" finished-at="2023-08-29T02:19:12 UTC" duration-ms="297" status="PASS">
          <reporter-output>
          </reporter-output>
        </test-method> <!-- SetUp -->
        <test-method is-config="true" signature="initializeTestBaseSetup(java.lang.String,java.lang.String)[pri:0, instance:com.spree.test.Spreecom_MyAccount_Test@38145825]" started-at="2023-08-29T02:20:06 UTC" name="initializeTestBaseSetup" finished-at="2023-08-29T02:20:14 UTC" duration-ms="8425" status="PASS">
          <params>
            <param index="0">
              <value>
                <![CDATA[edge]]>
              </value>
            </param>
            <param index="1">
              <value>
                <![CDATA[https://demo.spreecommerce.org/]]>
              </value>
            </param>
          </params>
          <reporter-output>
          </reporter-output>
        </test-method> <!-- initializeTestBaseSetup -->
        <test-method is-config="true" signature="setUp()[pri:0, instance:com.spree.test.Spreecom_MyAccount_Test@38145825]" started-at="2023-08-29T02:20:14 UTC" name="setUp" finished-at="2023-08-29T02:20:16 UTC" duration-ms="1978" status="PASS">
          <reporter-output>
          </reporter-output>
        </test-method> <!-- setUp -->
        <test-method signature="verifyMyAccountText()[pri:0, instance:com.spree.test.Spreecom_MyAccount_Test@38145825]" started-at="2023-08-29T02:20:16 UTC" name="verifyMyAccountText" finished-at="2023-08-29T02:20:20 UTC" duration-ms="4051" status="PASS">
          <reporter-output>
          </reporter-output>
        </test-method> <!-- verifyMyAccountText -->
        <test-method is-config="true" signature="tearDown(org.testng.ITestResult)[pri:0, instance:com.spree.test.Spreecom_MyAccount_Test@38145825]" started-at="2023-08-29T02:20:20 UTC" name="tearDown" finished-at="2023-08-29T02:20:20 UTC" duration-ms="7" status="PASS">
          <params>
            <param index="0">
              <value>
                <![CDATA[[TestResult name=verifyMyAccountText status=SUCCESS method=Spreecom_MyAccount_Test.verifyMyAccountText()[pri:0, instance:com.spree.test.Spreecom_MyAccount_Test@38145825] output={null}]]]>
              </value>
            </param>
          </params>
          <reporter-output>
          </reporter-output>
        </test-method> <!-- tearDown -->
        <test-method signature="verifyMyAccountUrl()[pri:0, instance:com.spree.test.Spreecom_MyAccount_Test@38145825]" started-at="2023-08-29T02:20:20 UTC" name="verifyMyAccountUrl" finished-at="2023-08-29T02:20:24 UTC" duration-ms="4014" status="PASS">
          <reporter-output>
          </reporter-output>
        </test-method> <!-- verifyMyAccountUrl -->
        <test-method is-config="true" signature="logout()[pri:0, instance:com.spree.test.Spreecom_MyAccount_Test@38145825]" started-at="2023-08-29T02:20:24 UTC" name="logout" finished-at="2023-08-29T02:20:25 UTC" duration-ms="1138" status="PASS">
          <reporter-output>
          </reporter-output>
        </test-method> <!-- logout -->
        <test-method is-config="true" signature="tearDown(org.testng.ITestResult)[pri:0, instance:com.spree.test.Spreecom_MyAccount_Test@38145825]" started-at="2023-08-29T02:20:24 UTC" name="tearDown" finished-at="2023-08-29T02:20:24 UTC" duration-ms="0" status="PASS">
          <params>
            <param index="0">
              <value>
                <![CDATA[[TestResult name=verifyMyAccountUrl status=SUCCESS method=Spreecom_MyAccount_Test.verifyMyAccountUrl()[pri:0, instance:com.spree.test.Spreecom_MyAccount_Test@38145825] output={null}]]]>
              </value>
            </param>
          </params>
          <reporter-output>
          </reporter-output>
        </test-method> <!-- tearDown -->
        <test-method is-config="true" signature="tearDown()[pri:0, instance:com.spree.test.Spreecom_MyAccount_Test@38145825]" started-at="2023-08-29T02:20:25 UTC" name="tearDown" finished-at="2023-08-29T02:20:27 UTC" duration-ms="1618" status="PASS">
          <reporter-output>
          </reporter-output>
        </test-method> <!-- tearDown -->
      </class> <!-- com.spree.test.Spreecom_MyAccount_Test -->
      <class name="com.spree.test.CreateAccountTest">
        <test-method signature="accountFullTest()[pri:0, instance:com.spree.test.CreateAccountTest@5884a914]" started-at="2023-08-29T02:19:48 UTC" name="accountFullTest" finished-at="2023-08-29T02:19:56 UTC" duration-ms="7548" status="PASS">
          <reporter-output>
          </reporter-output>
        </test-method> <!-- accountFullTest -->
      </class> <!-- com.spree.test.CreateAccountTest -->
      <class name="com.spree.test.HomeTest">
        <test-method is-config="true" signature="precond()[pri:0, instance:com.spree.test.HomeTest@24c1b2d2]" started-at="2023-08-29T02:19:12 UTC" name="precond" finished-at="2023-08-29T02:19:18 UTC" duration-ms="5471" status="PASS">
          <reporter-output>
          </reporter-output>
        </test-method> <!-- precond -->
        <test-method signature="func()[pri:0, instance:com.spree.test.HomeTest@24c1b2d2]" started-at="2023-08-29T02:21:15 UTC" name="func" finished-at="2023-08-29T02:21:36 UTC" duration-ms="20494" status="PASS">
          <reporter-output>
          </reporter-output>
        </test-method> <!-- func -->
      </class> <!-- com.spree.test.HomeTest -->
      <class name="com.spree.test.OrderTest">
        <test-method is-config="true" signature="precond()[pri:0, instance:com.spree.test.OrderTest@7dc19a70]" started-at="2023-08-29T02:19:18 UTC" name="precond" finished-at="2023-08-29T02:19:21 UTC" duration-ms="3568" status="PASS">
          <reporter-output>
          </reporter-output>
        </test-method> <!-- precond -->
        <test-method signature="func()[pri:0, instance:com.spree.test.OrderTest@7dc19a70]" started-at="2023-08-29T02:21:36 UTC" name="func" finished-at="2023-08-29T02:21:39 UTC" duration-ms="3906" status="PASS">
          <reporter-output>
          </reporter-output>
        </test-method> <!-- func -->
      </class> <!-- com.spree.test.OrderTest -->
      <class name="com.spree.test.Spreecom_MenPage_Test">
        <test-method is-config="true" signature="initializeTestBaseSetup(java.lang.String,java.lang.String)[pri:0, instance:com.spree.test.Spreecom_MenPage_Test@37313c65]" started-at="2023-08-29T02:21:51 UTC" name="initializeTestBaseSetup" finished-at="2023-08-29T02:22:00 UTC" duration-ms="8428" status="PASS">
          <params>
            <param index="0">
              <value>
                <![CDATA[edge]]>
              </value>
            </param>
            <param index="1">
              <value>
                <![CDATA[https://demo.spreecommerce.org/]]>
              </value>
            </param>
          </params>
          <reporter-output>
          </reporter-output>
        </test-method> <!-- initializeTestBaseSetup -->
        <test-method is-config="true" signature="setUp()[pri:0, instance:com.spree.test.Spreecom_MenPage_Test@37313c65]" started-at="2023-08-29T02:22:00 UTC" name="setUp" finished-at="2023-08-29T02:22:00 UTC" duration-ms="0" status="PASS">
          <reporter-output>
          </reporter-output>
        </test-method> <!-- setUp -->
        <test-method signature="validateWomenPage()[pri:1, instance:com.spree.test.Spreecom_MenPage_Test@37313c65]" started-at="2023-08-29T02:22:00 UTC" name="validateWomenPage" finished-at="2023-08-29T02:22:02 UTC" duration-ms="2082" status="PASS">
          <reporter-output>
          </reporter-output>
        </test-method> <!-- validateWomenPage -->
        <test-method is-config="true" signature="tearDown(org.testng.ITestResult)[pri:0, instance:com.spree.test.Spreecom_MenPage_Test@37313c65]" started-at="2023-08-29T02:22:02 UTC" name="tearDown" finished-at="2023-08-29T02:22:02 UTC" duration-ms="1" status="PASS">
          <params>
            <param index="0">
              <value>
                <![CDATA[[TestResult name=validateWomenPage status=SUCCESS method=Spreecom_MenPage_Test.validateWomenPage()[pri:1, instance:com.spree.test.Spreecom_MenPage_Test@37313c65] output={null}]]]>
              </value>
            </param>
          </params>
          <reporter-output>
          </reporter-output>
        </test-method> <!-- tearDown -->
        <test-method signature="validateTitle()[pri:2, instance:com.spree.test.Spreecom_MenPage_Test@37313c65]" started-at="2023-08-29T02:22:02 UTC" name="validateTitle" finished-at="2023-08-29T02:22:02 UTC" duration-ms="5" status="PASS">
          <reporter-output>
          </reporter-output>
        </test-method> <!-- validateTitle -->
        <test-method signature="validateText()[pri:3, instance:com.spree.test.Spreecom_MenPage_Test@37313c65]" started-at="2023-08-29T02:22:02 UTC" name="validateText" finished-at="2023-08-29T02:22:02 UTC" duration-ms="97" status="PASS">
          <reporter-output>
          </reporter-output>
        </test-method> <!-- validateText -->
        <test-method is-config="true" signature="tearDown(org.testng.ITestResult)[pri:0, instance:com.spree.test.Spreecom_MenPage_Test@37313c65]" started-at="2023-08-29T02:22:02 UTC" name="tearDown" finished-at="2023-08-29T02:22:02 UTC" duration-ms="0" status="PASS">
          <params>
            <param index="0">
              <value>
                <![CDATA[[TestResult name=validateTitle status=SUCCESS method=Spreecom_MenPage_Test.validateTitle()[pri:2, instance:com.spree.test.Spreecom_MenPage_Test@37313c65] output={null}]]]>
              </value>
            </param>
          </params>
          <reporter-output>
          </reporter-output>
        </test-method> <!-- tearDown -->
        <test-method is-config="true" signature="tearDown(org.testng.ITestResult)[pri:0, instance:com.spree.test.Spreecom_MenPage_Test@37313c65]" started-at="2023-08-29T02:22:02 UTC" name="tearDown" finished-at="2023-08-29T02:22:02 UTC" duration-ms="0" status="PASS">
          <params>
            <param index="0">
              <value>
                <![CDATA[[TestResult name=validateText status=SUCCESS method=Spreecom_MenPage_Test.validateText()[pri:3, instance:com.spree.test.Spreecom_MenPage_Test@37313c65] output={null}]]]>
              </value>
            </param>
          </params>
          <reporter-output>
          </reporter-output>
        </test-method> <!-- tearDown -->
        <test-method is-config="true" signature="tearDown()[pri:0, instance:com.spree.test.Spreecom_MenPage_Test@37313c65]" started-at="2023-08-29T02:22:02 UTC" name="tearDown" finished-at="2023-08-29T02:22:03 UTC" duration-ms="1336" status="PASS">
          <reporter-output>
          </reporter-output>
        </test-method> <!-- tearDown -->
      </class> <!-- com.spree.test.Spreecom_MenPage_Test -->
      <class name="com.spree.test.EditAddressTest">
        <test-method is-config="true" signature="initializeTestBaseSetup(java.lang.String,java.lang.String)[pri:0, instance:com.spree.test.EditAddressTest@3e0e1046]" started-at="2023-08-29T02:20:50 UTC" name="initializeTestBaseSetup" finished-at="2023-08-29T02:20:58 UTC" duration-ms="8180" status="PASS">
          <params>
            <param index="0">
              <value>
                <![CDATA[edge]]>
              </value>
            </param>
            <param index="1">
              <value>
                <![CDATA[https://demo.spreecommerce.org/]]>
              </value>
            </param>
          </params>
          <reporter-output>
          </reporter-output>
        </test-method> <!-- initializeTestBaseSetup -->
        <test-method is-config="true" signature="setUp()[pri:0, instance:com.spree.test.EditAddressTest@3e0e1046]" started-at="2023-08-29T02:20:58 UTC" name="setUp" finished-at="2023-08-29T02:21:00 UTC" duration-ms="1869" status="PASS">
          <reporter-output>
          </reporter-output>
        </test-method> <!-- setUp -->
        <test-method signature="validateEditAddressURL()[pri:1, instance:com.spree.test.EditAddressTest@3e0e1046]" started-at="2023-08-29T02:21:00 UTC" name="validateEditAddressURL" finished-at="2023-08-29T02:21:06 UTC" duration-ms="5309" status="PASS">
          <reporter-output>
          </reporter-output>
        </test-method> <!-- validateEditAddressURL -->
        <test-method is-config="true" signature="tearDown(org.testng.ITestResult)[pri:0, instance:com.spree.test.EditAddressTest@3e0e1046]" started-at="2023-08-29T02:21:06 UTC" name="tearDown" finished-at="2023-08-29T02:21:06 UTC" duration-ms="1" status="PASS">
          <params>
            <param index="0">
              <value>
                <![CDATA[[TestResult name=validateEditAddressURL status=SUCCESS method=EditAddressTest.validateEditAddressURL()[pri:1, instance:com.spree.test.EditAddressTest@3e0e1046] output={null}]]]>
              </value>
            </param>
          </params>
          <reporter-output>
          </reporter-output>
        </test-method> <!-- tearDown -->
        <test-method signature="validateEditAddressText()[pri:2, instance:com.spree.test.EditAddressTest@3e0e1046]" started-at="2023-08-29T02:21:06 UTC" name="validateEditAddressText" finished-at="2023-08-29T02:21:08 UTC" duration-ms="2039" status="PASS">
          <reporter-output>
          </reporter-output>
        </test-method> <!-- validateEditAddressText -->
        <test-method is-config="true" signature="tearDown(org.testng.ITestResult)[pri:0, instance:com.spree.test.EditAddressTest@3e0e1046]" started-at="2023-08-29T02:21:08 UTC" name="tearDown" finished-at="2023-08-29T02:21:08 UTC" duration-ms="0" status="PASS">
          <params>
            <param index="0">
              <value>
                <![CDATA[[TestResult name=validateEditAddressText status=SUCCESS method=EditAddressTest.validateEditAddressText()[pri:2, instance:com.spree.test.EditAddressTest@3e0e1046] output={null}]]]>
              </value>
            </param>
          </params>
          <reporter-output>
          </reporter-output>
        </test-method> <!-- tearDown -->
        <test-method signature="editAddress()[pri:3, instance:com.spree.test.EditAddressTest@3e0e1046]" started-at="2023-08-29T02:21:08 UTC" name="editAddress" finished-at="2023-08-29T02:21:13 UTC" duration-ms="5157" status="PASS">
          <reporter-output>
          </reporter-output>
        </test-method> <!-- editAddress -->
        <test-method is-config="true" signature="tearDown(org.testng.ITestResult)[pri:0, instance:com.spree.test.EditAddressTest@3e0e1046]" started-at="2023-08-29T02:21:13 UTC" name="tearDown" finished-at="2023-08-29T02:21:13 UTC" duration-ms="1" status="PASS">
          <params>
            <param index="0">
              <value>
                <![CDATA[[TestResult name=editAddress status=SUCCESS method=EditAddressTest.editAddress()[pri:3, instance:com.spree.test.EditAddressTest@3e0e1046] output={null}]]]>
              </value>
            </param>
          </params>
          <reporter-output>
          </reporter-output>
        </test-method> <!-- tearDown -->
        <test-method is-config="true" signature="logout()[pri:0, instance:com.spree.test.EditAddressTest@3e0e1046]" started-at="2023-08-29T02:21:13 UTC" name="logout" finished-at="2023-08-29T02:21:14 UTC" duration-ms="1041" status="PASS">
          <reporter-output>
          </reporter-output>
        </test-method> <!-- logout -->
        <test-method is-config="true" signature="tearDown()[pri:0, instance:com.spree.test.EditAddressTest@3e0e1046]" started-at="2023-08-29T02:21:14 UTC" name="tearDown" finished-at="2023-08-29T02:21:15 UTC" duration-ms="1348" status="PASS">
          <reporter-output>
          </reporter-output>
        </test-method> <!-- tearDown -->
      </class> <!-- com.spree.test.EditAddressTest -->
    </test> <!-- test-1 -->
  </suite> <!-- Page Object test example -->
</testng-results>
